2026-05-09T00:11:32.007-04:00  INFO 20300 --- [restartedMain] com.tp.todolist.TodolistApplication      : Starting TodolistApplication using Java 25.0.2 with PID 20300 (D:\Thanh\Career Preparation\Fall 2026\Code\To-Do-List\Backend\target\classes started by thanh in D:\Thanh\Career Preparation\Fall 2026\Code\To-Do-List\Backend)
2026-05-09T00:11:32.012-04:00  INFO 20300 --- [restartedMain] com.tp.todolist.TodolistApplication      : No active profile set, falling back to 1 default profile: "default"
2026-05-09T00:11:32.053-04:00  INFO 20300 --- [restartedMain] .e.DevToolsPropertyDefaultsPostProcessor : Devtools property defaults active! Set 'spring.devtools.add-properties' to 'false' to disable
2026-05-09T00:11:32.053-04:00  INFO 20300 --- [restartedMain] .e.DevToolsPropertyDefaultsPostProcessor : For additional web related logging consider setting the 'logging.level.web' property to 'DEBUG'
2026-05-09T00:11:32.441-04:00  INFO 20300 --- [restartedMain] .s.d.r.c.RepositoryConfigurationDelegate : Bootstrapping Spring Data JPA repositories in DEFAULT mode.
2026-05-09T00:11:32.481-04:00  INFO 20300 --- [restartedMain] .s.d.r.c.RepositoryConfigurationDelegate : Finished Spring Data repository scanning in 34 ms. Found 4 JPA repository interfaces.
2026-05-09T00:11:32.830-04:00  INFO 20300 --- [restartedMain] o.s.boot.tomcat.TomcatWebServer          : Tomcat initialized with port 8080 (http)
2026-05-09T00:11:32.838-04:00  INFO 20300 --- [restartedMain] o.apache.catalina.core.StandardService   : Starting service [Tomcat]
2026-05-09T00:11:32.838-04:00  INFO 20300 --- [restartedMain] o.apache.catalina.core.StandardEngine    : Starting Servlet engine: [Apache Tomcat/11.0.20]
2026-05-09T00:11:32.862-04:00  INFO 20300 --- [restartedMain] b.w.c.s.WebApplicationContextInitializer : Root WebApplicationContext: initialization completed in 808 ms
2026-05-09T00:11:32.983-04:00  INFO 20300 --- [restartedMain] org.hibernate.orm.jpa                    : HHH008540: Processing PersistenceUnitInfo [name: default]
2026-05-09T00:11:33.007-04:00  INFO 20300 --- [restartedMain] org.hibernate.orm.core                   : HHH000001: Hibernate ORM core version 7.2.7.Final
2026-05-09T00:11:33.258-04:00  INFO 20300 --- [restartedMain] o.s.o.j.p.SpringPersistenceUnitInfo      : No LoadTimeWeaver setup: ignoring JPA class transformer
2026-05-09T00:11:33.275-04:00  INFO 20300 --- [restartedMain] com.zaxxer.hikari.HikariDataSource       : HikariPool-1 - Starting...
2026-05-09T00:11:34.232-04:00  INFO 20300 --- [restartedMain] com.zaxxer.hikari.pool.HikariPool        : HikariPool-1 - Added connection com.mysql.cj.jdbc.ConnectionImpl@7c1260b6
2026-05-09T00:11:34.234-04:00  INFO 20300 --- [restartedMain] com.zaxxer.hikari.HikariDataSource       : HikariPool-1 - Start completed.
2026-05-09T00:11:34.441-04:00  WARN 20300 --- [restartedMain] org.hibernate.orm.deprecation            : HHH90000025: MySQLDialect does not need to be specified explicitly using 'hibernate.dialect' (remove the property setting and it will be selected by default)
2026-05-09T00:11:34.547-04:00  INFO 20300 --- [restartedMain] org.hibernate.orm.connections.pooling    : HHH10001005: Database info:
	Database JDBC URL [jdbc:mysql://turntable.proxy.rlwy.net:20323/railway?useSSL=false&allowPublicKeyRetrieval=true]
	Database driver: MySQL Connector/J
	Database dialect: MySQLDialect
	Database version: 9.4
	Default catalog/schema: railway/undefined
	Autocommit mode: undefined/unknown
	Isolation level: REPEATABLE_READ [default REPEATABLE_READ]
	JDBC fetch size: none
	Pool: DataSourceConnectionProvider
	Minimum pool size: undefined/unknown
	Maximum pool size: undefined/unknown
2026-05-09T00:11:35.085-04:00  INFO 20300 --- [restartedMain] org.hibernate.orm.core                   : HHH000489: No JTA platform available (set 'hibernate.transaction.jta.platform' to enable JTA platform integration)
2026-05-09T00:11:35.778-04:00  INFO 20300 --- [restartedMain] j.LocalContainerEntityManagerFactoryBean : Initialized JPA EntityManagerFactory for persistence unit 'default'
2026-05-09T00:11:35.841-04:00  INFO 20300 --- [restartedMain] o.s.d.j.r.query.QueryEnhancerFactories   : Hibernate is in classpath; If applicable, HQL parser will be used.
2026-05-09T00:11:36.216-04:00  WARN 20300 --- [restartedMain] JpaBaseConfiguration$JpaWebConfiguration : spring.jpa.open-in-view is enabled by default. Therefore, database queries may be performed during view rendering. Explicitly configure spring.jpa.open-in-view to disable this warning
2026-05-09T00:11:36.272-04:00  WARN 20300 --- [restartedMain] .s.a.UserDetailsServiceAutoConfiguration : 

Using generated security password: 1713e5fe-65b6-4ad5-a29e-6e62b85a2171

This generated password is for development use only. Your security configuration must be updated before running your application in production.

2026-05-09T00:11:36.276-04:00  INFO 20300 --- [restartedMain] r$InitializeUserDetailsManagerConfigurer : Global AuthenticationManager configured with UserDetailsService bean with name inMemoryUserDetailsManager
2026-05-09T00:11:36.467-04:00  WARN 20300 --- [restartedMain] ion$DefaultTemplateResolverConfiguration : Cannot find template location: classpath:/templates/ (please add some templates, check your Thymeleaf configuration, or set spring.thymeleaf.check-template-location=false)
2026-05-09T00:11:36.598-04:00  INFO 20300 --- [restartedMain] o.s.boot.tomcat.TomcatWebServer          : Tomcat started on port 8080 (http) with context path '/'
2026-05-09T00:11:36.602-04:00  INFO 20300 --- [restartedMain] com.tp.todolist.TodolistApplication      : Started TodolistApplication in 4.861 seconds (process running for 5.153)
2026-05-09T00:24:14.123-04:00  INFO 20300 --- [http-nio-8080-exec-2] o.a.c.c.C.[Tomcat].[localhost].[/]       : Initializing Spring DispatcherServlet 'dispatcherServlet'
2026-05-09T00:24:14.124-04:00  INFO 20300 --- [http-nio-8080-exec-2] o.s.web.servlet.DispatcherServlet        : Initializing Servlet 'dispatcherServlet'
2026-05-09T00:24:14.126-04:00  INFO 20300 --- [http-nio-8080-exec-2] o.s.web.servlet.DispatcherServlet        : Completed initialization in 2 ms
2026-05-09T00:24:14.148-04:00  WARN 20300 --- [http-nio-8080-exec-2] o.s.w.s.h.HandlerMappingIntrospector     : Cache miss for REQUEST dispatch to '/api/auth/login' (previous null). Performing CorsConfiguration lookup. This is logged once only at WARN level, and every time at TRACE.
2026-05-09T00:24:14.706-04:00  WARN 20300 --- [http-nio-8080-exec-2] o.s.s.c.bcrypt.BCryptPasswordEncoder     : Encoded password does not look like BCrypt
2026-05-09T00:24:20.463-04:00  WARN 20300 --- [http-nio-8080-exec-3] o.s.s.c.bcrypt.BCryptPasswordEncoder     : Encoded password does not look like BCrypt
2026-05-09T00:26:19.061-04:00  INFO 20300 --- [SpringApplicationShutdownHook] o.s.boot.tomcat.GracefulShutdown         : Commencing graceful shutdown. Waiting for active requests to complete
2026-05-09T00:26:19.093-04:00  INFO 20300 --- [tomcat-shutdown] o.s.boot.tomcat.GracefulShutdown         : Graceful shutdown complete
2026-05-09T00:26:19.097-04:00  INFO 20300 --- [SpringApplicationShutdownHook] j.LocalContainerEntityManagerFactoryBean : Closing JPA EntityManagerFactory for persistence unit 'default'
2026-05-09T00:26:19.100-04:00  INFO 20300 --- [SpringApplicationShutdownHook] com.zaxxer.hikari.HikariDataSource       : HikariPool-1 - Shutdown initiated...
2026-05-09T00:26:19.105-04:00  INFO 20300 --- [SpringApplicationShutdownHook] com.zaxxer.hikari.HikariDataSource       : HikariPool-1 - Shutdown completed.
2026-05-09T00:26:26.202-04:00  INFO 30200 --- [restartedMain] com.tp.todolist.TodolistApplication      : Starting TodolistApplication using Java 25.0.2 with PID 30200 (D:\Thanh\Career Preparation\Fall 2026\Code\To-Do-List\Backend\target\classes started by thanh in D:\Thanh\Career Preparation\Fall 2026\Code\To-Do-List\Backend)
2026-05-09T00:26:26.205-04:00  INFO 30200 --- [restartedMain] com.tp.todolist.TodolistApplication      : No active profile set, falling back to 1 default profile: "default"
2026-05-09T00:26:26.235-04:00  INFO 30200 --- [restartedMain] .e.DevToolsPropertyDefaultsPostProcessor : Devtools property defaults active! Set 'spring.devtools.add-properties' to 'false' to disable
2026-05-09T00:26:26.235-04:00  INFO 30200 --- [restartedMain] .e.DevToolsPropertyDefaultsPostProcessor : For additional web related logging consider setting the 'logging.level.web' property to 'DEBUG'
2026-05-09T00:26:26.625-04:00  INFO 30200 --- [restartedMain] .s.d.r.c.RepositoryConfigurationDelegate : Bootstrapping Spring Data JPA repositories in DEFAULT mode.
2026-05-09T00:26:26.665-04:00  INFO 30200 --- [restartedMain] .s.d.r.c.RepositoryConfigurationDelegate : Finished Spring Data repository scanning in 34 ms. Found 4 JPA repository interfaces.
2026-05-09T00:26:26.991-04:00  INFO 30200 --- [restartedMain] o.s.boot.tomcat.TomcatWebServer          : Tomcat initialized with port 8080 (http)
2026-05-09T00:26:26.999-04:00  INFO 30200 --- [restartedMain] o.apache.catalina.core.StandardService   : Starting service [Tomcat]
2026-05-09T00:26:27.000-04:00  INFO 30200 --- [restartedMain] o.apache.catalina.core.StandardEngine    : Starting Servlet engine: [Apache Tomcat/11.0.20]
2026-05-09T00:26:27.023-04:00  INFO 30200 --- [restartedMain] b.w.c.s.WebApplicationContextInitializer : Root WebApplicationContext: initialization completed in 787 ms
2026-05-09T00:26:27.148-04:00  INFO 30200 --- [restartedMain] org.hibernate.orm.jpa                    : HHH008540: Processing PersistenceUnitInfo [name: default]
2026-05-09T00:26:27.173-04:00  INFO 30200 --- [restartedMain] org.hibernate.orm.core                   : HHH000001: Hibernate ORM core version 7.2.7.Final
2026-05-09T00:26:27.406-04:00  INFO 30200 --- [restartedMain] o.s.o.j.p.SpringPersistenceUnitInfo      : No LoadTimeWeaver setup: ignoring JPA class transformer
2026-05-09T00:26:27.423-04:00  INFO 30200 --- [restartedMain] com.zaxxer.hikari.HikariDataSource       : HikariPool-1 - Starting...
2026-05-09T00:26:28.384-04:00  INFO 30200 --- [restartedMain] com.zaxxer.hikari.pool.HikariPool        : HikariPool-1 - Added connection com.mysql.cj.jdbc.ConnectionImpl@7d9f754f
2026-05-09T00:26:28.386-04:00  INFO 30200 --- [restartedMain] com.zaxxer.hikari.HikariDataSource       : HikariPool-1 - Start completed.
2026-05-09T00:26:28.597-04:00  WARN 30200 --- [restartedMain] org.hibernate.orm.deprecation            : HHH90000025: MySQLDialect does not need to be specified explicitly using 'hibernate.dialect' (remove the property setting and it will be selected by default)
2026-05-09T00:26:28.699-04:00  INFO 30200 --- [restartedMain] org.hibernate.orm.connections.pooling    : HHH10001005: Database info:
	Database JDBC URL [jdbc:mysql://turntable.proxy.rlwy.net:20323/railway?useSSL=false&allowPublicKeyRetrieval=true]
	Database driver: MySQL Connector/J
	Database dialect: MySQLDialect
	Database version: 9.4
	Default catalog/schema: railway/undefined
	Autocommit mode: undefined/unknown
	Isolation level: REPEATABLE_READ [default REPEATABLE_READ]
	JDBC fetch size: none
	Pool: DataSourceConnectionProvider
	Minimum pool size: undefined/unknown
	Maximum pool size: undefined/unknown
2026-05-09T00:26:29.249-04:00  INFO 30200 --- [restartedMain] org.hibernate.orm.core                   : HHH000489: No JTA platform available (set 'hibernate.transaction.jta.platform' to enable JTA platform integration)
2026-05-09T00:26:29.958-04:00  INFO 30200 --- [restartedMain] j.LocalContainerEntityManagerFactoryBean : Initialized JPA EntityManagerFactory for persistence unit 'default'
2026-05-09T00:26:30.014-04:00  INFO 30200 --- [restartedMain] o.s.d.j.r.query.QueryEnhancerFactories   : Hibernate is in classpath; If applicable, HQL parser will be used.
2026-05-09T00:26:30.402-04:00  WARN 30200 --- [restartedMain] JpaBaseConfiguration$JpaWebConfiguration : spring.jpa.open-in-view is enabled by default. Therefore, database queries may be performed during view rendering. Explicitly configure spring.jpa.open-in-view to disable this warning
2026-05-09T00:26:30.454-04:00  WARN 30200 --- [restartedMain] .s.a.UserDetailsServiceAutoConfiguration : 

Using generated security password: e65f0028-a878-4851-94ef-73407bd381da

This generated password is for development use only. Your security configuration must be updated before running your application in production.

2026-05-09T00:26:30.460-04:00  INFO 30200 --- [restartedMain] r$InitializeUserDetailsManagerConfigurer : Global AuthenticationManager configured with UserDetailsService bean with name inMemoryUserDetailsManager
2026-05-09T00:26:30.644-04:00  WARN 30200 --- [restartedMain] ion$DefaultTemplateResolverConfiguration : Cannot find template location: classpath:/templates/ (please add some templates, check your Thymeleaf configuration, or set spring.thymeleaf.check-template-location=false)
2026-05-09T00:26:30.757-04:00  INFO 30200 --- [restartedMain] o.s.boot.tomcat.TomcatWebServer          : Tomcat started on port 8080 (http) with context path '/'
2026-05-09T00:26:30.760-04:00  INFO 30200 --- [restartedMain] com.tp.todolist.TodolistApplication      : Started TodolistApplication in 4.789 seconds (process running for 5.032)
2026-05-09T00:27:38.815-04:00  INFO 30200 --- [http-nio-8080-exec-9] o.a.c.c.C.[Tomcat].[localhost].[/]       : Initializing Spring DispatcherServlet 'dispatcherServlet'
2026-05-09T00:27:38.816-04:00  INFO 30200 --- [http-nio-8080-exec-9] o.s.web.servlet.DispatcherServlet        : Initializing Servlet 'dispatcherServlet'
2026-05-09T00:27:38.819-04:00  INFO 30200 --- [http-nio-8080-exec-9] o.s.web.servlet.DispatcherServlet        : Completed initialization in 3 ms
2026-05-09T00:27:38.838-04:00  WARN 30200 --- [http-nio-8080-exec-9] o.s.w.s.h.HandlerMappingIntrospector     : Cache miss for REQUEST dispatch to '/api/auth/login' (previous null). Performing CorsConfiguration lookup. This is logged once only at WARN level, and every time at TRACE.
2026-05-09T00:27:39.357-04:00  WARN 30200 --- [http-nio-8080-exec-9] o.s.s.c.bcrypt.BCryptPasswordEncoder     : Encoded password does not look like BCrypt
2026-05-09T00:28:08.729-04:00  INFO 30200 --- [File Watcher] rtingClassPathChangeChangedEventListener : Restarting due to 29 class path changes (0 additions, 28 deletions, 1 modification)
2026-05-09T00:28:08.734-04:00  INFO 30200 --- [Thread-1] o.s.boot.tomcat.GracefulShutdown         : Commencing graceful shutdown. Waiting for active requests to complete
2026-05-09T00:28:08.743-04:00  INFO 30200 --- [tomcat-shutdown] o.s.boot.tomcat.GracefulShutdown         : Graceful shutdown complete
2026-05-09T00:28:08.746-04:00  INFO 30200 --- [Thread-1] j.LocalContainerEntityManagerFactoryBean : Closing JPA EntityManagerFactory for persistence unit 'default'
2026-05-09T00:28:08.750-04:00  INFO 30200 --- [Thread-1] com.zaxxer.hikari.HikariDataSource       : HikariPool-1 - Shutdown initiated...
2026-05-09T00:28:08.756-04:00  INFO 30200 --- [Thread-1] com.zaxxer.hikari.HikariDataSource       : HikariPool-1 - Shutdown completed.
2026-05-09T00:28:08.833-04:00  INFO 30200 --- [restartedMain] com.tp.todolist.TodolistApplication      : Starting TodolistApplication using Java 25.0.2 with PID 30200 (D:\Thanh\Career Preparation\Fall 2026\Code\To-Do-List\Backend\target\classes started by thanh in D:\Thanh\Career Preparation\Fall 2026\Code\To-Do-List\Backend)
2026-05-09T00:28:08.835-04:00  INFO 30200 --- [restartedMain] com.tp.todolist.TodolistApplication      : No active profile set, falling back to 1 default profile: "default"
2026-05-09T00:28:09.006-04:00  INFO 30200 --- [restartedMain] .s.d.r.c.RepositoryConfigurationDelegate : Bootstrapping Spring Data JPA repositories in DEFAULT mode.
2026-05-09T00:28:09.008-04:00  INFO 30200 --- [restartedMain] .s.d.r.c.RepositoryConfigurationDelegate : Finished Spring Data repository scanning in 0 ms. Found 0 JPA repository interfaces.
2026-05-09T00:28:09.108-04:00  INFO 30200 --- [restartedMain] o.s.boot.tomcat.TomcatWebServer          : Tomcat initialized with port 8080 (http)
2026-05-09T00:28:09.111-04:00  INFO 30200 --- [restartedMain] o.apache.catalina.core.StandardService   : Starting service [Tomcat]
2026-05-09T00:28:09.112-04:00  INFO 30200 --- [restartedMain] o.apache.catalina.core.StandardEngine    : Starting Servlet engine: [Apache Tomcat/11.0.20]
2026-05-09T00:28:09.131-04:00  INFO 30200 --- [restartedMain] b.w.c.s.WebApplicationContextInitializer : Root WebApplicationContext: initialization completed in 293 ms
2026-05-09T00:28:09.170-04:00  INFO 30200 --- [restartedMain] org.hibernate.orm.jpa                    : HHH008540: Processing PersistenceUnitInfo [name: default]
2026-05-09T00:28:09.194-04:00  INFO 30200 --- [restartedMain] o.s.o.j.p.SpringPersistenceUnitInfo      : No LoadTimeWeaver setup: ignoring JPA class transformer
2026-05-09T00:28:09.195-04:00  INFO 30200 --- [restartedMain] com.zaxxer.hikari.HikariDataSource       : HikariPool-2 - Starting...
2026-05-09T00:28:10.049-04:00  INFO 30200 --- [restartedMain] com.zaxxer.hikari.pool.HikariPool        : HikariPool-2 - Added connection com.mysql.cj.jdbc.ConnectionImpl@24c2284
2026-05-09T00:28:10.050-04:00  INFO 30200 --- [restartedMain] com.zaxxer.hikari.HikariDataSource       : HikariPool-2 - Start completed.
2026-05-09T00:28:10.139-04:00  WARN 30200 --- [restartedMain] org.hibernate.orm.deprecation            : HHH90000025: MySQLDialect does not need to be specified explicitly using 'hibernate.dialect' (remove the property setting and it will be selected by default)
2026-05-09T00:28:10.229-04:00  INFO 30200 --- [restartedMain] org.hibernate.orm.connections.pooling    : HHH10001005: Database info:
	Database JDBC URL [jdbc:mysql://turntable.proxy.rlwy.net:20323/railway?useSSL=false&allowPublicKeyRetrieval=true]
	Database driver: MySQL Connector/J
	Database dialect: MySQLDialect
	Database version: 9.4
	Default catalog/schema: railway/undefined
	Autocommit mode: undefined/unknown
	Isolation level: REPEATABLE_READ [default REPEATABLE_READ]
	JDBC fetch size: none
	Pool: DataSourceConnectionProvider
	Minimum pool size: undefined/unknown
	Maximum pool size: undefined/unknown
2026-05-09T00:28:10.244-04:00  INFO 30200 --- [restartedMain] org.hibernate.orm.core                   : HHH000489: No JTA platform available (set 'hibernate.transaction.jta.platform' to enable JTA platform integration)
2026-05-09T00:28:10.245-04:00  INFO 30200 --- [restartedMain] j.LocalContainerEntityManagerFactoryBean : Initialized JPA EntityManagerFactory for persistence unit 'default'
2026-05-09T00:28:10.269-04:00  WARN 30200 --- [restartedMain] JpaBaseConfiguration$JpaWebConfiguration : spring.jpa.open-in-view is enabled by default. Therefore, database queries may be performed during view rendering. Explicitly configure spring.jpa.open-in-view to disable this warning
2026-05-09T00:28:10.318-04:00  WARN 30200 --- [restartedMain] ion$DefaultTemplateResolverConfiguration : Cannot find template location: classpath:/templates/ (please add some templates, check your Thymeleaf configuration, or set spring.thymeleaf.check-template-location=false)
2026-05-09T00:28:10.345-04:00  WARN 30200 --- [restartedMain] .s.a.UserDetailsServiceAutoConfiguration : 

Using generated security password: d5b6cb30-a711-4e57-a2cc-30deed3e0f9a

This generated password is for development use only. Your security configuration must be updated before running your application in production.

2026-05-09T00:28:10.359-04:00  INFO 30200 --- [restartedMain] r$InitializeUserDetailsManagerConfigurer : Global AuthenticationManager configured with UserDetailsService bean with name inMemoryUserDetailsManager
2026-05-09T00:28:10.416-04:00  INFO 30200 --- [restartedMain] o.s.boot.tomcat.TomcatWebServer          : Tomcat started on port 8080 (http) with context path '/'
2026-05-09T00:28:10.419-04:00  INFO 30200 --- [restartedMain] com.tp.todolist.TodolistApplication      : Started TodolistApplication in 1.616 seconds (process running for 104.691)
2026-05-09T00:28:10.424-04:00  INFO 30200 --- [restartedMain] .ConditionEvaluationDeltaLoggingListener : Condition evaluation delta:


==========================
CONDITION EVALUATION DELTA
==========================


Positive matches:
-----------------

   ServletWebSecurityAutoConfiguration.SecurityFilterChainConfiguration matched:
      - AllNestedConditions 2 matched 0 did not; NestedCondition on DefaultWebSecurityCondition.Beans @ConditionalOnMissingBean (types: org.springframework.security.web.SecurityFilterChain; SearchStrategy: all) did not find any beans; NestedCondition on DefaultWebSecurityCondition.Classes @ConditionalOnClass found required classes 'org.springframework.security.web.SecurityFilterChain', 'org.springframework.security.config.annotation.web.builders.HttpSecurity' (DefaultWebSecurityCondition)


Negative matches:
-----------------

    None


Exclusions:
-----------

    None


Unconditional classes:
----------------------

    None



2026-05-09T00:28:11.065-04:00  INFO 3068 --- [restartedMain] com.tp.todolist.TodolistApplication      : Starting TodolistApplication using Java 25.0.2 with PID 3068 (D:\Thanh\Career Preparation\Fall 2026\Code\To-Do-List\Backend\target\classes started by thanh in D:\Thanh\Career Preparation\Fall 2026\Code\To-Do-List\Backend)
2026-05-09T00:28:11.068-04:00  INFO 3068 --- [restartedMain] com.tp.todolist.TodolistApplication      : No active profile set, falling back to 1 default profile: "default"
2026-05-09T00:28:11.103-04:00  INFO 3068 --- [restartedMain] .e.DevToolsPropertyDefaultsPostProcessor : Devtools property defaults active! Set 'spring.devtools.add-properties' to 'false' to disable
2026-05-09T00:28:11.103-04:00  INFO 3068 --- [restartedMain] .e.DevToolsPropertyDefaultsPostProcessor : For additional web related logging consider setting the 'logging.level.web' property to 'DEBUG'
2026-05-09T00:28:11.504-04:00  INFO 3068 --- [restartedMain] .s.d.r.c.RepositoryConfigurationDelegate : Bootstrapping Spring Data JPA repositories in DEFAULT mode.
2026-05-09T00:28:11.545-04:00  INFO 3068 --- [restartedMain] .s.d.r.c.RepositoryConfigurationDelegate : Finished Spring Data repository scanning in 36 ms. Found 4 JPA repository interfaces.
2026-05-09T00:28:11.752-04:00  INFO 30200 --- [File Watcher] rtingClassPathChangeChangedEventListener : Restarting due to 28 class path changes (28 additions, 0 deletions, 0 modifications)
2026-05-09T00:28:11.754-04:00  INFO 30200 --- [Thread-5] o.s.boot.tomcat.GracefulShutdown         : Commencing graceful shutdown. Waiting for active requests to complete
2026-05-09T00:28:11.760-04:00  INFO 30200 --- [tomcat-shutdown] o.s.boot.tomcat.GracefulShutdown         : Graceful shutdown complete
2026-05-09T00:28:11.763-04:00  INFO 30200 --- [Thread-5] j.LocalContainerEntityManagerFactoryBean : Closing JPA EntityManagerFactory for persistence unit 'default'
2026-05-09T00:28:11.763-04:00  INFO 30200 --- [Thread-5] com.zaxxer.hikari.HikariDataSource       : HikariPool-2 - Shutdown initiated...
2026-05-09T00:28:11.888-04:00  INFO 3068 --- [restartedMain] o.s.boot.tomcat.TomcatWebServer          : Tomcat initialized with port 8080 (http)
2026-05-09T00:28:11.896-04:00  INFO 3068 --- [restartedMain] o.apache.catalina.core.StandardService   : Starting service [Tomcat]
2026-05-09T00:28:11.896-04:00  INFO 3068 --- [restartedMain] o.apache.catalina.core.StandardEngine    : Starting Servlet engine: [Apache Tomcat/11.0.20]
2026-05-09T00:28:11.919-04:00  INFO 3068 --- [restartedMain] b.w.c.s.WebApplicationContextInitializer : Root WebApplicationContext: initialization completed in 815 ms
2026-05-09T00:28:12.044-04:00  INFO 3068 --- [restartedMain] org.hibernate.orm.jpa                    : HHH008540: Processing PersistenceUnitInfo [name: default]
2026-05-09T00:28:12.070-04:00  INFO 3068 --- [restartedMain] org.hibernate.orm.core                   : HHH000001: Hibernate ORM core version 7.2.7.Final
2026-05-09T00:28:12.189-04:00  INFO 30200 --- [Thread-5] com.zaxxer.hikari.HikariDataSource       : HikariPool-2 - Shutdown completed.
2026-05-09T00:28:12.285-04:00  INFO 30200 --- [restartedMain] com.tp.todolist.TodolistApplication      : Starting TodolistApplication using Java 25.0.2 with PID 30200 (D:\Thanh\Career Preparation\Fall 2026\Code\To-Do-List\Backend\target\classes started by thanh in D:\Thanh\Career Preparation\Fall 2026\Code\To-Do-List\Backend)
2026-05-09T00:28:12.286-04:00  INFO 30200 --- [restartedMain] com.tp.todolist.TodolistApplication      : No active profile set, falling back to 1 default profile: "default"
2026-05-09T00:28:12.336-04:00  INFO 3068 --- [restartedMain] o.s.o.j.p.SpringPersistenceUnitInfo      : No LoadTimeWeaver setup: ignoring JPA class transformer
2026-05-09T00:28:12.354-04:00  INFO 3068 --- [restartedMain] com.zaxxer.hikari.HikariDataSource       : HikariPool-1 - Starting...
2026-05-09T00:28:12.438-04:00  INFO 30200 --- [restartedMain] .s.d.r.c.RepositoryConfigurationDelegate : Bootstrapping Spring Data JPA repositories in DEFAULT mode.
2026-05-09T00:28:12.455-04:00  INFO 30200 --- [restartedMain] .s.d.r.c.RepositoryConfigurationDelegate : Finished Spring Data repository scanning in 15 ms. Found 4 JPA repository interfaces.
2026-05-09T00:28:12.531-04:00  INFO 30200 --- [restartedMain] o.s.boot.tomcat.TomcatWebServer          : Tomcat initialized with port 8080 (http)
2026-05-09T00:28:12.532-04:00  INFO 30200 --- [restartedMain] o.apache.catalina.core.StandardService   : Starting service [Tomcat]
2026-05-09T00:28:12.532-04:00  INFO 30200 --- [restartedMain] o.apache.catalina.core.StandardEngine    : Starting Servlet engine: [Apache Tomcat/11.0.20]
2026-05-09T00:28:12.545-04:00  INFO 30200 --- [restartedMain] b.w.c.s.WebApplicationContextInitializer : Root WebApplicationContext: initialization completed in 257 ms
2026-05-09T00:28:12.598-04:00  INFO 30200 --- [restartedMain] org.hibernate.orm.jpa                    : HHH008540: Processing PersistenceUnitInfo [name: default]
2026-05-09T00:28:12.609-04:00  INFO 30200 --- [restartedMain] o.s.o.j.p.SpringPersistenceUnitInfo      : No LoadTimeWeaver setup: ignoring JPA class transformer
2026-05-09T00:28:12.609-04:00  INFO 30200 --- [restartedMain] com.zaxxer.hikari.HikariDataSource       : HikariPool-3 - Starting...
2026-05-09T00:28:13.234-04:00  INFO 3068 --- [restartedMain] com.zaxxer.hikari.pool.HikariPool        : HikariPool-1 - Added connection com.mysql.cj.jdbc.ConnectionImpl@54cb9968
2026-05-09T00:28:13.235-04:00  INFO 3068 --- [restartedMain] com.zaxxer.hikari.HikariDataSource       : HikariPool-1 - Start completed.
2026-05-09T00:28:13.433-04:00  INFO 30200 --- [restartedMain] com.zaxxer.hikari.pool.HikariPool        : HikariPool-3 - Added connection com.mysql.cj.jdbc.ConnectionImpl@7426a4c1
2026-05-09T00:28:13.433-04:00  INFO 30200 --- [restartedMain] com.zaxxer.hikari.HikariDataSource       : HikariPool-3 - Start completed.
2026-05-09T00:28:13.449-04:00  WARN 3068 --- [restartedMain] org.hibernate.orm.deprecation            : HHH90000025: MySQLDialect does not need to be specified explicitly using 'hibernate.dialect' (remove the property setting and it will be selected by default)
2026-05-09T00:28:13.521-04:00  WARN 30200 --- [restartedMain] org.hibernate.orm.deprecation            : HHH90000025: MySQLDialect does not need to be specified explicitly using 'hibernate.dialect' (remove the property setting and it will be selected by default)
2026-05-09T00:28:13.555-04:00  INFO 3068 --- [restartedMain] org.hibernate.orm.connections.pooling    : HHH10001005: Database info:
	Database JDBC URL [jdbc:mysql://turntable.proxy.rlwy.net:20323/railway?useSSL=false&allowPublicKeyRetrieval=true]
	Database driver: MySQL Connector/J
	Database dialect: MySQLDialect
	Database version: 9.4
	Default catalog/schema: railway/undefined
	Autocommit mode: undefined/unknown
	Isolation level: REPEATABLE_READ [default REPEATABLE_READ]
	JDBC fetch size: none
	Pool: DataSourceConnectionProvider
	Minimum pool size: undefined/unknown
	Maximum pool size: undefined/unknown
2026-05-09T00:28:13.612-04:00  INFO 30200 --- [restartedMain] org.hibernate.orm.connections.pooling    : HHH10001005: Database info:
	Database JDBC URL [jdbc:mysql://turntable.proxy.rlwy.net:20323/railway?useSSL=false&allowPublicKeyRetrieval=true]
	Database driver: MySQL Connector/J
	Database dialect: MySQLDialect
	Database version: 9.4
	Default catalog/schema: railway/undefined
	Autocommit mode: undefined/unknown
	Isolation level: REPEATABLE_READ [default REPEATABLE_READ]
	JDBC fetch size: none
	Pool: DataSourceConnectionProvider
	Minimum pool size: undefined/unknown
	Maximum pool size: undefined/unknown
2026-05-09T00:28:13.689-04:00  INFO 30200 --- [restartedMain] org.hibernate.orm.core                   : HHH000489: No JTA platform available (set 'hibernate.transaction.jta.platform' to enable JTA platform integration)
2026-05-09T00:28:14.161-04:00  INFO 30200 --- [restartedMain] j.LocalContainerEntityManagerFactoryBean : Initialized JPA EntityManagerFactory for persistence unit 'default'
2026-05-09T00:28:14.294-04:00  WARN 30200 --- [restartedMain] JpaBaseConfiguration$JpaWebConfiguration : spring.jpa.open-in-view is enabled by default. Therefore, database queries may be performed during view rendering. Explicitly configure spring.jpa.open-in-view to disable this warning
2026-05-09T00:28:14.332-04:00  INFO 3068 --- [restartedMain] org.hibernate.orm.core                   : HHH000489: No JTA platform available (set 'hibernate.transaction.jta.platform' to enable JTA platform integration)
2026-05-09T00:28:14.336-04:00  WARN 30200 --- [restartedMain] .s.a.UserDetailsServiceAutoConfiguration : 

Using generated security password: 2c92b0fd-cb6b-478e-b24a-4d1e985e62c8

This generated password is for development use only. Your security configuration must be updated before running your application in production.

2026-05-09T00:28:14.338-04:00  INFO 30200 --- [restartedMain] r$InitializeUserDetailsManagerConfigurer : Global AuthenticationManager configured with UserDetailsService bean with name inMemoryUserDetailsManager
2026-05-09T00:28:14.430-04:00  WARN 30200 --- [restartedMain] ion$DefaultTemplateResolverConfiguration : Cannot find template location: classpath:/templates/ (please add some templates, check your Thymeleaf configuration, or set spring.thymeleaf.check-template-location=false)
2026-05-09T00:28:14.497-04:00  INFO 30200 --- [restartedMain] o.s.boot.tomcat.TomcatWebServer          : Tomcat started on port 8080 (http) with context path '/'
2026-05-09T00:28:14.498-04:00  INFO 30200 --- [restartedMain] com.tp.todolist.TodolistApplication      : Started TodolistApplication in 2.236 seconds (process running for 108.771)
2026-05-09T00:28:14.499-04:00  INFO 30200 --- [restartedMain] .ConditionEvaluationDeltaLoggingListener : Condition evaluation delta:


==========================
CONDITION EVALUATION DELTA
==========================


Positive matches:
-----------------

    None


Negative matches:
-----------------

   ServletWebSecurityAutoConfiguration.SecurityFilterChainConfiguration:
      Did not match:
         - AllNestedConditions 1 matched 1 did not; NestedCondition on DefaultWebSecurityCondition.Beans @ConditionalOnMissingBean (types: org.springframework.security.web.SecurityFilterChain; SearchStrategy: all) found beans of type 'org.springframework.security.web.SecurityFilterChain' securityFilterChain; NestedCondition on DefaultWebSecurityCondition.Classes @ConditionalOnClass found required classes 'org.springframework.security.web.SecurityFilterChain', 'org.springframework.security.config.annotation.web.builders.HttpSecurity' (DefaultWebSecurityCondition)


Exclusions:
-----------

    None


Unconditional classes:
----------------------

    None



2026-05-09T00:28:15.023-04:00  INFO 3068 --- [restartedMain] j.LocalContainerEntityManagerFactoryBean : Initialized JPA EntityManagerFactory for persistence unit 'default'
2026-05-09T00:28:15.111-04:00  INFO 3068 --- [restartedMain] o.s.d.j.r.query.QueryEnhancerFactories   : Hibernate is in classpath; If applicable, HQL parser will be used.
2026-05-09T00:28:15.592-04:00  WARN 3068 --- [restartedMain] JpaBaseConfiguration$JpaWebConfiguration : spring.jpa.open-in-view is enabled by default. Therefore, database queries may be performed during view rendering. Explicitly configure spring.jpa.open-in-view to disable this warning
2026-05-09T00:28:15.669-04:00  WARN 3068 --- [restartedMain] .s.a.UserDetailsServiceAutoConfiguration : 

Using generated security password: 7107c030-8741-4228-8c94-974c913c897f

This generated password is for development use only. Your security configuration must be updated before running your application in production.

2026-05-09T00:28:15.675-04:00  INFO 3068 --- [restartedMain] r$InitializeUserDetailsManagerConfigurer : Global AuthenticationManager configured with UserDetailsService bean with name inMemoryUserDetailsManager
2026-05-09T00:28:16.034-04:00  WARN 3068 --- [restartedMain] ion$DefaultTemplateResolverConfiguration : Cannot find template location: classpath:/templates/ (please add some templates, check your Thymeleaf configuration, or set spring.thymeleaf.check-template-location=false)
2026-05-09T00:28:16.257-04:00  WARN 3068 --- [restartedMain] ConfigServletWebServerApplicationContext : Exception encountered during context initialization - cancelling refresh attempt: org.springframework.context.ApplicationContextException: Failed to start bean 'webServerStartStop'
2026-05-09T00:28:16.259-04:00  INFO 3068 --- [restartedMain] j.LocalContainerEntityManagerFactoryBean : Closing JPA EntityManagerFactory for persistence unit 'default'
2026-05-09T00:28:16.262-04:00  INFO 3068 --- [restartedMain] com.zaxxer.hikari.HikariDataSource       : HikariPool-1 - Shutdown initiated...
2026-05-09T00:28:16.696-04:00  INFO 3068 --- [restartedMain] com.zaxxer.hikari.HikariDataSource       : HikariPool-1 - Shutdown completed.
2026-05-09T00:28:16.702-04:00  INFO 3068 --- [restartedMain] .s.b.a.l.ConditionEvaluationReportLogger : 

Error starting ApplicationContext. To display the condition evaluation report re-run your application with 'debug' enabled.
2026-05-09T00:28:16.713-04:00 ERROR 3068 --- [restartedMain] o.s.b.d.LoggingFailureAnalysisReporter   : 

***************************
APPLICATION FAILED TO START
***************************

Description:

Web server failed to start. Port 8080 was already in use.

Action:

Identify and stop the process that's listening on port 8080 or configure this application to listen on another port.

2026-05-09T00:29:45.216-04:00  INFO 30200 --- [File Watcher] rtingClassPathChangeChangedEventListener : Restarting due to 3 class path changes (0 additions, 0 deletions, 3 modifications)
2026-05-09T00:29:45.217-04:00  INFO 30200 --- [Thread-9] o.s.boot.tomcat.GracefulShutdown         : Commencing graceful shutdown. Waiting for active requests to complete
2026-05-09T00:29:45.222-04:00  INFO 30200 --- [tomcat-shutdown] o.s.boot.tomcat.GracefulShutdown         : Graceful shutdown complete
2026-05-09T00:29:45.223-04:00  INFO 30200 --- [Thread-9] j.LocalContainerEntityManagerFactoryBean : Closing JPA EntityManagerFactory for persistence unit 'default'
2026-05-09T00:29:45.224-04:00  INFO 30200 --- [Thread-9] com.zaxxer.hikari.HikariDataSource       : HikariPool-3 - Shutdown initiated...
2026-05-09T00:29:45.225-04:00  INFO 30200 --- [Thread-9] com.zaxxer.hikari.HikariDataSource       : HikariPool-3 - Shutdown completed.
2026-05-09T00:29:45.287-04:00  INFO 30200 --- [restartedMain] com.tp.todolist.TodolistApplication      : Starting TodolistApplication using Java 25.0.2 with PID 30200 (D:\Thanh\Career Preparation\Fall 2026\Code\To-Do-List\Backend\target\classes started by thanh in D:\Thanh\Career Preparation\Fall 2026\Code\To-Do-List\Backend)
2026-05-09T00:29:45.287-04:00  INFO 30200 --- [restartedMain] com.tp.todolist.TodolistApplication      : No active profile set, falling back to 1 default profile: "default"
2026-05-09T00:29:45.377-04:00  INFO 30200 --- [restartedMain] .s.d.r.c.RepositoryConfigurationDelegate : Bootstrapping Spring Data JPA repositories in DEFAULT mode.
2026-05-09T00:29:45.393-04:00  INFO 30200 --- [restartedMain] .s.d.r.c.RepositoryConfigurationDelegate : Finished Spring Data repository scanning in 14 ms. Found 4 JPA repository interfaces.
2026-05-09T00:29:45.465-04:00  INFO 30200 --- [restartedMain] o.s.boot.tomcat.TomcatWebServer          : Tomcat initialized with port 8080 (http)
2026-05-09T00:29:45.466-04:00  INFO 30200 --- [restartedMain] o.apache.catalina.core.StandardService   : Starting service [Tomcat]
2026-05-09T00:29:45.466-04:00  INFO 30200 --- [restartedMain] o.apache.catalina.core.StandardEngine    : Starting Servlet engine: [Apache Tomcat/11.0.20]
2026-05-09T00:29:45.475-04:00  INFO 30200 --- [restartedMain] b.w.c.s.WebApplicationContextInitializer : Root WebApplicationContext: initialization completed in 187 ms
2026-05-09T00:29:45.508-04:00  INFO 30200 --- [restartedMain] org.hibernate.orm.jpa                    : HHH008540: Processing PersistenceUnitInfo [name: default]
2026-05-09T00:29:45.518-04:00  INFO 30200 --- [restartedMain] o.s.o.j.p.SpringPersistenceUnitInfo      : No LoadTimeWeaver setup: ignoring JPA class transformer
2026-05-09T00:29:45.518-04:00  INFO 30200 --- [restartedMain] com.zaxxer.hikari.HikariDataSource       : HikariPool-4 - Starting...
2026-05-09T00:29:46.347-04:00  INFO 30200 --- [restartedMain] com.zaxxer.hikari.pool.HikariPool        : HikariPool-4 - Added connection com.mysql.cj.jdbc.ConnectionImpl@5a518ee
2026-05-09T00:29:46.347-04:00  INFO 30200 --- [restartedMain] com.zaxxer.hikari.HikariDataSource       : HikariPool-4 - Start completed.
2026-05-09T00:29:46.433-04:00  WARN 30200 --- [restartedMain] org.hibernate.orm.deprecation            : HHH90000025: MySQLDialect does not need to be specified explicitly using 'hibernate.dialect' (remove the property setting and it will be selected by default)
2026-05-09T00:29:46.519-04:00  INFO 30200 --- [restartedMain] org.hibernate.orm.connections.pooling    : HHH10001005: Database info:
	Database JDBC URL [jdbc:mysql://turntable.proxy.rlwy.net:20323/railway?useSSL=false&allowPublicKeyRetrieval=true]
	Database driver: MySQL Connector/J
	Database dialect: MySQLDialect
	Database version: 9.4
	Default catalog/schema: railway/undefined
	Autocommit mode: undefined/unknown
	Isolation level: REPEATABLE_READ [default REPEATABLE_READ]
	JDBC fetch size: none
	Pool: DataSourceConnectionProvider
	Minimum pool size: undefined/unknown
	Maximum pool size: undefined/unknown
2026-05-09T00:29:46.557-04:00  INFO 30200 --- [restartedMain] org.hibernate.orm.core                   : HHH000489: No JTA platform available (set 'hibernate.transaction.jta.platform' to enable JTA platform integration)
2026-05-09T00:29:47.021-04:00  INFO 30200 --- [restartedMain] j.LocalContainerEntityManagerFactoryBean : Initialized JPA EntityManagerFactory for persistence unit 'default'
2026-05-09T00:29:47.122-04:00  WARN 30200 --- [restartedMain] JpaBaseConfiguration$JpaWebConfiguration : spring.jpa.open-in-view is enabled by default. Therefore, database queries may be performed during view rendering. Explicitly configure spring.jpa.open-in-view to disable this warning
2026-05-09T00:29:47.146-04:00  WARN 30200 --- [restartedMain] .s.a.UserDetailsServiceAutoConfiguration : 

Using generated security password: 19a3319b-2fe9-491a-9cfa-0b967388a4ab

This generated password is for development use only. Your security configuration must be updated before running your application in production.

2026-05-09T00:29:47.147-04:00  INFO 30200 --- [restartedMain] r$InitializeUserDetailsManagerConfigurer : Global AuthenticationManager configured with UserDetailsService bean with name inMemoryUserDetailsManager
2026-05-09T00:29:47.209-04:00  WARN 30200 --- [restartedMain] ion$DefaultTemplateResolverConfiguration : Cannot find template location: classpath:/templates/ (please add some templates, check your Thymeleaf configuration, or set spring.thymeleaf.check-template-location=false)
2026-05-09T00:29:47.255-04:00  INFO 30200 --- [restartedMain] o.s.boot.tomcat.TomcatWebServer          : Tomcat started on port 8080 (http) with context path '/'
2026-05-09T00:29:47.257-04:00  INFO 30200 --- [restartedMain] com.tp.todolist.TodolistApplication      : Started TodolistApplication in 1.985 seconds (process running for 201.529)
2026-05-09T00:29:47.257-04:00  INFO 30200 --- [restartedMain] .ConditionEvaluationDeltaLoggingListener : Condition evaluation unchanged
2026-05-09T00:29:52.752-04:00  INFO 30200 --- [SpringApplicationShutdownHook] o.s.boot.tomcat.GracefulShutdown         : Commencing graceful shutdown. Waiting for active requests to complete
2026-05-09T00:29:52.757-04:00  INFO 30200 --- [tomcat-shutdown] o.s.boot.tomcat.GracefulShutdown         : Graceful shutdown complete
2026-05-09T00:29:52.759-04:00  INFO 30200 --- [SpringApplicationShutdownHook] j.LocalContainerEntityManagerFactoryBean : Closing JPA EntityManagerFactory for persistence unit 'default'
2026-05-09T00:29:52.759-04:00  INFO 30200 --- [SpringApplicationShutdownHook] com.zaxxer.hikari.HikariDataSource       : HikariPool-4 - Shutdown initiated...
2026-05-09T00:29:52.760-04:00  INFO 30200 --- [SpringApplicationShutdownHook] com.zaxxer.hikari.HikariDataSource       : HikariPool-4 - Shutdown completed.
2026-05-09T00:29:58.660-04:00  INFO 8628 --- [restartedMain] com.tp.todolist.TodolistApplication      : Starting TodolistApplication using Java 25.0.2 with PID 8628 (D:\Thanh\Career Preparation\Fall 2026\Code\To-Do-List\Backend\target\classes started by thanh in D:\Thanh\Career Preparation\Fall 2026\Code\To-Do-List\Backend)
2026-05-09T00:29:58.663-04:00  INFO 8628 --- [restartedMain] com.tp.todolist.TodolistApplication      : No active profile set, falling back to 1 default profile: "default"
2026-05-09T00:29:58.696-04:00  INFO 8628 --- [restartedMain] .e.DevToolsPropertyDefaultsPostProcessor : Devtools property defaults active! Set 'spring.devtools.add-properties' to 'false' to disable
2026-05-09T00:29:58.697-04:00  INFO 8628 --- [restartedMain] .e.DevToolsPropertyDefaultsPostProcessor : For additional web related logging consider setting the 'logging.level.web' property to 'DEBUG'
2026-05-09T00:29:59.110-04:00  INFO 8628 --- [restartedMain] .s.d.r.c.RepositoryConfigurationDelegate : Bootstrapping Spring Data JPA repositories in DEFAULT mode.
2026-05-09T00:29:59.154-04:00  INFO 8628 --- [restartedMain] .s.d.r.c.RepositoryConfigurationDelegate : Finished Spring Data repository scanning in 37 ms. Found 4 JPA repository interfaces.
2026-05-09T00:29:59.516-04:00  INFO 8628 --- [restartedMain] o.s.boot.tomcat.TomcatWebServer          : Tomcat initialized with port 8080 (http)
2026-05-09T00:29:59.524-04:00  INFO 8628 --- [restartedMain] o.apache.catalina.core.StandardService   : Starting service [Tomcat]
2026-05-09T00:29:59.525-04:00  INFO 8628 --- [restartedMain] o.apache.catalina.core.StandardEngine    : Starting Servlet engine: [Apache Tomcat/11.0.20]
2026-05-09T00:29:59.552-04:00  INFO 8628 --- [restartedMain] b.w.c.s.WebApplicationContextInitializer : Root WebApplicationContext: initialization completed in 855 ms
2026-05-09T00:29:59.683-04:00  INFO 8628 --- [restartedMain] org.hibernate.orm.jpa                    : HHH008540: Processing PersistenceUnitInfo [name: default]
2026-05-09T00:29:59.708-04:00  INFO 8628 --- [restartedMain] org.hibernate.orm.core                   : HHH000001: Hibernate ORM core version 7.2.7.Final
2026-05-09T00:29:59.939-04:00  INFO 8628 --- [restartedMain] o.s.o.j.p.SpringPersistenceUnitInfo      : No LoadTimeWeaver setup: ignoring JPA class transformer
2026-05-09T00:29:59.955-04:00  INFO 8628 --- [restartedMain] com.zaxxer.hikari.HikariDataSource       : HikariPool-1 - Starting...
2026-05-09T00:30:00.946-04:00  INFO 8628 --- [restartedMain] com.zaxxer.hikari.pool.HikariPool        : HikariPool-1 - Added connection com.mysql.cj.jdbc.ConnectionImpl@227604b3
2026-05-09T00:30:00.947-04:00  INFO 8628 --- [restartedMain] com.zaxxer.hikari.HikariDataSource       : HikariPool-1 - Start completed.
2026-05-09T00:30:01.162-04:00  WARN 8628 --- [restartedMain] org.hibernate.orm.deprecation            : HHH90000025: MySQLDialect does not need to be specified explicitly using 'hibernate.dialect' (remove the property setting and it will be selected by default)
2026-05-09T00:30:01.262-04:00  INFO 8628 --- [restartedMain] org.hibernate.orm.connections.pooling    : HHH10001005: Database info:
	Database JDBC URL [jdbc:mysql://turntable.proxy.rlwy.net:20323/railway?useSSL=false&allowPublicKeyRetrieval=true]
	Database driver: MySQL Connector/J
	Database dialect: MySQLDialect
	Database version: 9.4
	Default catalog/schema: railway/undefined
	Autocommit mode: undefined/unknown
	Isolation level: REPEATABLE_READ [default REPEATABLE_READ]
	JDBC fetch size: none
	Pool: DataSourceConnectionProvider
	Minimum pool size: undefined/unknown
	Maximum pool size: undefined/unknown
2026-05-09T00:30:01.796-04:00  INFO 8628 --- [restartedMain] org.hibernate.orm.core                   : HHH000489: No JTA platform available (set 'hibernate.transaction.jta.platform' to enable JTA platform integration)
2026-05-09T00:30:02.497-04:00  INFO 8628 --- [restartedMain] j.LocalContainerEntityManagerFactoryBean : Initialized JPA EntityManagerFactory for persistence unit 'default'
2026-05-09T00:30:02.553-04:00  INFO 8628 --- [restartedMain] o.s.d.j.r.query.QueryEnhancerFactories   : Hibernate is in classpath; If applicable, HQL parser will be used.
2026-05-09T00:30:02.925-04:00  WARN 8628 --- [restartedMain] JpaBaseConfiguration$JpaWebConfiguration : spring.jpa.open-in-view is enabled by default. Therefore, database queries may be performed during view rendering. Explicitly configure spring.jpa.open-in-view to disable this warning
2026-05-09T00:30:02.993-04:00  WARN 8628 --- [restartedMain] .s.a.UserDetailsServiceAutoConfiguration : 

Using generated security password: 84ac2189-7f6f-4849-8b36-4a2fcb1dd7f9

This generated password is for development use only. Your security configuration must be updated before running your application in production.

2026-05-09T00:30:02.997-04:00  INFO 8628 --- [restartedMain] r$InitializeUserDetailsManagerConfigurer : Global AuthenticationManager configured with UserDetailsService bean with name inMemoryUserDetailsManager
2026-05-09T00:30:03.191-04:00  WARN 8628 --- [restartedMain] ion$DefaultTemplateResolverConfiguration : Cannot find template location: classpath:/templates/ (please add some templates, check your Thymeleaf configuration, or set spring.thymeleaf.check-template-location=false)
2026-05-09T00:30:03.305-04:00  INFO 8628 --- [restartedMain] o.s.boot.tomcat.TomcatWebServer          : Tomcat started on port 8080 (http) with context path '/'
2026-05-09T00:30:03.309-04:00  INFO 8628 --- [restartedMain] com.tp.todolist.TodolistApplication      : Started TodolistApplication in 4.883 seconds (process running for 5.136)
2026-05-09T00:30:06.732-04:00  INFO 8628 --- [http-nio-8080-exec-2] o.a.c.c.C.[Tomcat].[localhost].[/]       : Initializing Spring DispatcherServlet 'dispatcherServlet'
2026-05-09T00:30:06.732-04:00  INFO 8628 --- [http-nio-8080-exec-2] o.s.web.servlet.DispatcherServlet        : Initializing Servlet 'dispatcherServlet'
2026-05-09T00:30:06.734-04:00  INFO 8628 --- [http-nio-8080-exec-2] o.s.web.servlet.DispatcherServlet        : Completed initialization in 2 ms
2026-05-09T00:30:06.755-04:00  WARN 8628 --- [http-nio-8080-exec-2] o.s.w.s.h.HandlerMappingIntrospector     : Cache miss for REQUEST dispatch to '/api/auth/login' (previous null). Performing CorsConfiguration lookup. This is logged once only at WARN level, and every time at TRACE.
2026-05-09T00:30:07.234-04:00  WARN 8628 --- [http-nio-8080-exec-2] o.s.s.c.bcrypt.BCryptPasswordEncoder     : Encoded password does not look like BCrypt
2026-05-09T00:31:10.894-04:00  INFO 8628 --- [SpringApplicationShutdownHook] o.s.boot.tomcat.GracefulShutdown         : Commencing graceful shutdown. Waiting for active requests to complete
2026-05-09T00:31:10.900-04:00  INFO 8628 --- [tomcat-shutdown] o.s.boot.tomcat.GracefulShutdown         : Graceful shutdown complete
2026-05-09T00:31:10.903-04:00  INFO 8628 --- [SpringApplicationShutdownHook] j.LocalContainerEntityManagerFactoryBean : Closing JPA EntityManagerFactory for persistence unit 'default'
2026-05-09T00:31:10.905-04:00  INFO 8628 --- [SpringApplicationShutdownHook] com.zaxxer.hikari.HikariDataSource       : HikariPool-1 - Shutdown initiated...
2026-05-09T00:31:10.911-04:00  INFO 8628 --- [SpringApplicationShutdownHook] com.zaxxer.hikari.HikariDataSource       : HikariPool-1 - Shutdown completed.
